02:20:21.667 [main] DEBUG com.intuit.karate.Suite - [config] classpath:karate-config.js
02:20:26.615 [main] INFO  com.intuit.karate - karate.env system property was: null 
02:20:35.388 [main] DEBUG com.intuit.karate - request:
1 > GET https://jsonplaceholder.typicode.com/users
1 > Host: jsonplaceholder.typicode.com
1 > Connection: Keep-Alive
1 > User-Agent: Apache-HttpClient/4.5.13 (Java/1.8.0_231)
1 > Accept-Encoding: gzip,deflate


02:20:36.477 [main] DEBUG com.intuit.karate - response time in milliseconds: 1080
1 < 200
1 < Date: Wed, 29 Jun 2022 20:50:33 GMT
1 < Content-Type: application/json; charset=utf-8
1 < Transfer-Encoding: chunked
1 < Connection: keep-alive
1 < X-Powered-By: Express
1 < X-Ratelimit-Limit: 1000
1 < X-Ratelimit-Remaining: 999
1 < X-Ratelimit-Reset: 1649682122
1 < Vary: Origin, Accept-Encoding
1 < Access-Control-Allow-Credentials: true
1 < Cache-Control: max-age=43200
1 < Pragma: no-cache
1 < Expires: -1
1 < X-Content-Type-Options: nosniff
1 < Etag: W/"160d-1eMSsxeJRfnVLRBmYJSbCiJZ1qQ"
1 < Via: 1.1 vegur
1 < CF-Cache-Status: HIT
1 < Age: 26929
1 < Expect-CT: max-age=604800, report-uri="https://report-uri.cloudflare.com/cdn-cgi/beacon/expect-ct"
1 < Report-To: {"endpoints":[{"url":"https:\/\/a.nel.cloudflare.com\/report\/v3?s=WRJlFg2YQ0OXFG6GgCTV%2Brum956jMoATl2ZSSaOA7HlDnD8nVpMPbOc4jKebML3831XZLWos2qw3yBfBlrP8v4cQx3WXDs2tlDhpR9GE6%2FFymeSC84oQqL80n8DWZXveiKxxsBggNgRTVU36PdTH"}],"group":"cf-nel","max_age":604800}
1 < NEL: {"success_fraction":0,"report_to":"cf-nel","max_age":604800}
1 < Server: cloudflare
1 < CF-RAY: 72318901bd0e802a-IAD
1 < alt-svc: h3=":443"; ma=86400, h3-29=":443"; ma=86400
[
  {
    "id": 1,
    "name": "Leanne Graham",
    "username": "Bret",
    "email": "Sincere@april.biz",
    "address": {
      "street": "Kulas Light",
      "suite": "Apt. 556",
      "city": "Gwenborough",
      "zipcode": "92998-3874",
      "geo": {
        "lat": "-37.3159",
        "lng": "81.1496"
      }
    },
    "phone": "1-770-736-8031 x56442",
    "website": "hildegard.org",
    "company": {
      "name": "Romaguera-Crona",
      "catchPhrase": "Multi-layered client-server neural-net",
      "bs": "harness real-time e-markets"
    }
  },
  {
    "id": 2,
    "name": "Ervin Howell",
    "username": "Antonette",
    "email": "Shanna@melissa.tv",
    "address": {
      "street": "Victor Plains",
      "suite": "Suite 879",
      "city": "Wisokyburgh",
      "zipcode": "90566-7771",
      "geo": {
        "lat": "-43.9509",
        "lng": "-34.4618"
      }
    },
    "phone": "010-692-6593 x09125",
    "website": "anastasia.net",
    "company": {
      "name": "Deckow-Crist",
      "catchPhrase": "Proactive didactic contingency",
      "bs": "synergize scalable supply-chains"
    }
  },
  {
    "id": 3,
    "name": "Clementine Bauch",
    "username": "Samantha",
    "email": "Nathan@yesenia.net",
    "address": {
      "street": "Douglas Extension",
      "suite": "Suite 847",
      "city": "McKenziehaven",
      "zipcode": "59590-4157",
      "geo": {
        "lat": "-68.6102",
        "lng": "-47.0653"
      }
    },
    "phone": "1-463-123-4447",
    "website": "ramiro.info",
    "company": {
      "name": "Romaguera-Jacobson",
      "catchPhrase": "Face to face bifurcated interface",
      "bs": "e-enable strategic applications"
    }
  },
  {
    "id": 4,
    "name": "Patricia Lebsack",
    "username": "Karianne",
    "email": "Julianne.OConner@kory.org",
    "address": {
      "street": "Hoeger Mall",
      "suite": "Apt. 692",
      "city": "South Elvis",
      "zipcode": "53919-4257",
      "geo": {
        "lat": "29.4572",
        "lng": "-164.2990"
      }
    },
    "phone": "493-170-9623 x156",
    "website": "kale.biz",
    "company": {
      "name": "Robel-Corkery",
      "catchPhrase": "Multi-tiered zero tolerance productivity",
      "bs": "transition cutting-edge web services"
    }
  },
  {
    "id": 5,
    "name": "Chelsey Dietrich",
    "username": "Kamren",
    "email": "Lucio_Hettinger@annie.ca",
    "address": {
      "street": "Skiles Walks",
      "suite": "Suite 351",
      "city": "Roscoeview",
      "zipcode": "33263",
      "geo": {
        "lat": "-31.8129",
        "lng": "62.5342"
      }
    },
    "phone": "(254)954-1289",
    "website": "demarco.info",
    "company": {
      "name": "Keebler LLC",
      "catchPhrase": "User-centric fault-tolerant solution",
      "bs": "revolutionize end-to-end systems"
    }
  },
  {
    "id": 6,
    "name": "Mrs. Dennis Schulist",
    "username": "Leopoldo_Corkery",
    "email": "Karley_Dach@jasper.info",
    "address": {
      "street": "Norberto Crossing",
      "suite": "Apt. 950",
      "city": "South Christy",
      "zipcode": "23505-1337",
      "geo": {
        "lat": "-71.4197",
        "lng": "71.7478"
      }
    },
    "phone": "1-477-935-8478 x6430",
    "website": "ola.org",
    "company": {
      "name": "Considine-Lockman",
      "catchPhrase": "Synchronised bottom-line interface",
      "bs": "e-enable innovative applications"
    }
  },
  {
    "id": 7,
    "name": "Kurtis Weissnat",
    "username": "Elwyn.Skiles",
    "email": "Telly.Hoeger@billy.biz",
    "address": {
      "street": "Rex Trail",
      "suite": "Suite 280",
      "city": "Howemouth",
      "zipcode": "58804-1099",
      "geo": {
        "lat": "24.8918",
        "lng": "21.8984"
      }
    },
    "phone": "210.067.6132",
    "website": "elvis.io",
    "company": {
      "name": "Johns Group",
      "catchPhrase": "Configurable multimedia task-force",
      "bs": "generate enterprise e-tailers"
    }
  },
  {
    "id": 8,
    "name": "Nicholas Runolfsdottir V",
    "username": "Maxime_Nienow",
    "email": "Sherwood@rosamond.me",
    "address": {
      "street": "Ellsworth Summit",
      "suite": "Suite 729",
      "city": "Aliyaview",
      "zipcode": "45169",
      "geo": {
        "lat": "-14.3990",
        "lng": "-120.7677"
      }
    },
    "phone": "586.493.6943 x140",
    "website": "jacynthe.com",
    "company": {
      "name": "Abernathy Group",
      "catchPhrase": "Implemented secondary concept",
      "bs": "e-enable extensible e-tailers"
    }
  },
  {
    "id": 9,
    "name": "Glenna Reichert",
    "username": "Delphine",
    "email": "Chaim_McDermott@dana.io",
    "address": {
      "street": "Dayna Park",
      "suite": "Suite 449",
      "city": "Bartholomebury",
      "zipcode": "76495-3109",
      "geo": {
        "lat": "24.6463",
        "lng": "-168.8889"
      }
    },
    "phone": "(775)976-6794 x41206",
    "website": "conrad.com",
    "company": {
      "name": "Yost and Sons",
      "catchPhrase": "Switchable contextually-based project",
      "bs": "aggregate real-time technologies"
    }
  },
  {
    "id": 10,
    "name": "Clementina DuBuque",
    "username": "Moriah.Stanton",
    "email": "Rey.Padberg@karina.biz",
    "address": {
      "street": "Kattie Turnpike",
      "suite": "Suite 198",
      "city": "Lebsackbury",
      "zipcode": "31428-2261",
      "geo": {
        "lat": "-38.2386",
        "lng": "57.2232"
      }
    },
    "phone": "024-648-3804",
    "website": "ambrose.net",
    "company": {
      "name": "Hoeger LLC",
      "catchPhrase": "Centralized empowering task-force",
      "bs": "target end-to-end models"
    }
  }
]

02:20:36.746 [main] DEBUG com.intuit.karate - request:
2 > GET https://jsonplaceholder.typicode.com/users/1
2 > Host: jsonplaceholder.typicode.com
2 > Connection: Keep-Alive
2 > User-Agent: Apache-HttpClient/4.5.13 (Java/1.8.0_231)
2 > Accept-Encoding: gzip,deflate


02:20:36.940 [main] DEBUG com.intuit.karate - response time in milliseconds: 193
2 < 200
2 < Date: Wed, 29 Jun 2022 20:50:34 GMT
2 < Content-Type: application/json; charset=utf-8
2 < Transfer-Encoding: chunked
2 < Connection: keep-alive
2 < X-Powered-By: Express
2 < X-Ratelimit-Limit: 1000
2 < X-Ratelimit-Remaining: 999
2 < X-Ratelimit-Reset: 1656471668
2 < Vary: Origin, Accept-Encoding
2 < Access-Control-Allow-Credentials: true
2 < Cache-Control: max-age=43200
2 < Pragma: no-cache
2 < Expires: -1
2 < X-Content-Type-Options: nosniff
2 < Etag: W/"1fd-+2Y3G3w049iSZtw5t1mzSnunngE"
2 < Via: 1.1 vegur
2 < CF-Cache-Status: HIT
2 < Age: 4147
2 < Expect-CT: max-age=604800, report-uri="https://report-uri.cloudflare.com/cdn-cgi/beacon/expect-ct"
2 < Report-To: {"endpoints":[{"url":"https:\/\/a.nel.cloudflare.com\/report\/v3?s=mYIWvmr8Z0Bh%2BqwLR4P2gm%2BCFzqFmXpPjPnEXoLcVEaVLcqNauYUMl6QatgxiPk0KtpyPKRHqOaHFzjXW2ruXqPlVyG1eCuu6gUZHELn3btVVluNe6Kclo7vbiJl7X4qDGZS1zthGgSTp0IFstEh"}],"group":"cf-nel","max_age":604800}
2 < NEL: {"success_fraction":0,"report_to":"cf-nel","max_age":604800}
2 < Server: cloudflare
2 < CF-RAY: 72318904ebc76f9b-IAD
2 < alt-svc: h3=":443"; ma=86400, h3-29=":443"; ma=86400
{
  "id": 1,
  "name": "Leanne Graham",
  "username": "Bret",
  "email": "Sincere@april.biz",
  "address": {
    "street": "Kulas Light",
    "suite": "Apt. 556",
    "city": "Gwenborough",
    "zipcode": "92998-3874",
    "geo": {
      "lat": "-37.3159",
      "lng": "81.1496"
    }
  },
  "phone": "1-770-736-8031 x56442",
  "website": "hildegard.org",
  "company": {
    "name": "Romaguera-Crona",
    "catchPhrase": "Multi-layered client-server neural-net",
    "bs": "harness real-time e-markets"
  }
}

02:20:37.000 [main] INFO  com.intuit.karate - karate.env system property was: null 
02:20:37.186 [main] DEBUG com.intuit.karate - request:
1 > POST https://jsonplaceholder.typicode.com/users
1 > Content-Type: application/json; charset=UTF-8
1 > Content-Length: 160
1 > Host: jsonplaceholder.typicode.com
1 > Connection: Keep-Alive
1 > User-Agent: Apache-HttpClient/4.5.13 (Java/1.8.0_231)
1 > Accept-Encoding: gzip,deflate
{"name":"Test User","username":"testuser","email":"test@user.com","address":{"street":"Has No Name","suite":"Apt. 123","city":"Electri","zipcode":"54321-6789"}}

02:20:37.365 [main] DEBUG com.intuit.karate - response time in milliseconds: 179
1 < 201
1 < Date: Wed, 29 Jun 2022 20:50:34 GMT
1 < Content-Type: application/json; charset=utf-8
1 < Content-Length: 216
1 < Connection: keep-alive
1 < X-Powered-By: Express
1 < X-Ratelimit-Limit: 1000
1 < X-Ratelimit-Remaining: 999
1 < X-Ratelimit-Reset: 1656535874
1 < Vary: Origin, X-HTTP-Method-Override, Accept-Encoding
1 < Access-Control-Allow-Credentials: true
1 < Cache-Control: no-cache
1 < Pragma: no-cache
1 < Expires: -1
1 < Access-Control-Expose-Headers: Location
1 < Location: http://jsonplaceholder.typicode.com/users/11
1 < X-Content-Type-Options: nosniff
1 < Etag: W/"d8-pYV7+YuMGP2hxHPU9ARrf97ifDA"
1 < Via: 1.1 vegur
1 < CF-Cache-Status: DYNAMIC
1 < Expect-CT: max-age=604800, report-uri="https://report-uri.cloudflare.com/cdn-cgi/beacon/expect-ct"
1 < Report-To: {"endpoints":[{"url":"https:\/\/a.nel.cloudflare.com\/report\/v3?s=GET8qkgPhPrQ6s9oO4vTxz3hm9dfnvK88xGDRw2GcH4XT6nhoXM488z%2FgOs5ZVmL8rGgdy6Yhr0ZRu2kHdWg4VfrfKywab4B7AxhkfYw1UXknNg17lqhKc%2BhbKAhYc7u250qKwnRURqJZ%2BJxfNgq"}],"group":"cf-nel","max_age":604800}
1 < NEL: {"success_fraction":0,"report_to":"cf-nel","max_age":604800}
1 < Server: cloudflare
1 < CF-RAY: 7231890758d45d91-IAD
1 < alt-svc: h3=":443"; ma=86400, h3-29=":443"; ma=86400
{
  "name": "Test User",
  "username": "testuser",
  "email": "test@user.com",
  "address": {
    "street": "Has No Name",
    "suite": "Apt. 123",
    "city": "Electri",
    "zipcode": "54321-6789"
  },
  "id": 11
}

02:20:37.374 [main] INFO  com.intuit.karate - [print] created id is:  11 
02:24:33.292 [main] DEBUG com.intuit.karate.Suite - [config] classpath:karate-config.js
02:24:39.262 [main] INFO  com.intuit.karate - karate.env system property was: null 
02:24:43.099 [main] DEBUG com.intuit.karate - request:
1 > GET https://jsonplaceholder.typicode.com/users
1 > Host: jsonplaceholder.typicode.com
1 > Connection: Keep-Alive
1 > User-Agent: Apache-HttpClient/4.5.13 (Java/1.8.0_231)
1 > Accept-Encoding: gzip,deflate


02:24:43.978 [main] DEBUG com.intuit.karate - response time in milliseconds: 871
1 < 200
1 < Date: Wed, 29 Jun 2022 20:54:41 GMT
1 < Content-Type: application/json; charset=utf-8
1 < Transfer-Encoding: chunked
1 < Connection: keep-alive
1 < X-Powered-By: Express
1 < X-Ratelimit-Limit: 1000
1 < X-Ratelimit-Remaining: 999
1 < X-Ratelimit-Reset: 1653882287
1 < Vary: Origin, Accept-Encoding
1 < Access-Control-Allow-Credentials: true
1 < Cache-Control: max-age=43200
1 < Pragma: no-cache
1 < Expires: -1
1 < X-Content-Type-Options: nosniff
1 < Etag: W/"160d-1eMSsxeJRfnVLRBmYJSbCiJZ1qQ"
1 < Via: 1.1 vegur
1 < CF-Cache-Status: HIT
1 < Age: 3789
1 < Expect-CT: max-age=604800, report-uri="https://report-uri.cloudflare.com/cdn-cgi/beacon/expect-ct"
1 < Report-To: {"endpoints":[{"url":"https:\/\/a.nel.cloudflare.com\/report\/v3?s=ra8DSF0Xhy5C4s9vy0saUYfG5OnswG73REs2cz58ops2hgxnxUFcSeUEdK8NG1IaTs%2BlTC79d%2B4D2eFDdPo77tFNKyGZblMw77GtkmA76G78%2B1L%2FHg3dlCzikfSs3rHoPqIrIzNePZ5tsYFc3ZPZ"}],"group":"cf-nel","max_age":604800}
1 < NEL: {"success_fraction":0,"report_to":"cf-nel","max_age":604800}
1 < Server: cloudflare
1 < CF-RAY: 72318f0c8c038272-IAD
1 < alt-svc: h3=":443"; ma=86400, h3-29=":443"; ma=86400
[
  {
    "id": 1,
    "name": "Leanne Graham",
    "username": "Bret",
    "email": "Sincere@april.biz",
    "address": {
      "street": "Kulas Light",
      "suite": "Apt. 556",
      "city": "Gwenborough",
      "zipcode": "92998-3874",
      "geo": {
        "lat": "-37.3159",
        "lng": "81.1496"
      }
    },
    "phone": "1-770-736-8031 x56442",
    "website": "hildegard.org",
    "company": {
      "name": "Romaguera-Crona",
      "catchPhrase": "Multi-layered client-server neural-net",
      "bs": "harness real-time e-markets"
    }
  },
  {
    "id": 2,
    "name": "Ervin Howell",
    "username": "Antonette",
    "email": "Shanna@melissa.tv",
    "address": {
      "street": "Victor Plains",
      "suite": "Suite 879",
      "city": "Wisokyburgh",
      "zipcode": "90566-7771",
      "geo": {
        "lat": "-43.9509",
        "lng": "-34.4618"
      }
    },
    "phone": "010-692-6593 x09125",
    "website": "anastasia.net",
    "company": {
      "name": "Deckow-Crist",
      "catchPhrase": "Proactive didactic contingency",
      "bs": "synergize scalable supply-chains"
    }
  },
  {
    "id": 3,
    "name": "Clementine Bauch",
    "username": "Samantha",
    "email": "Nathan@yesenia.net",
    "address": {
      "street": "Douglas Extension",
      "suite": "Suite 847",
      "city": "McKenziehaven",
      "zipcode": "59590-4157",
      "geo": {
        "lat": "-68.6102",
        "lng": "-47.0653"
      }
    },
    "phone": "1-463-123-4447",
    "website": "ramiro.info",
    "company": {
      "name": "Romaguera-Jacobson",
      "catchPhrase": "Face to face bifurcated interface",
      "bs": "e-enable strategic applications"
    }
  },
  {
    "id": 4,
    "name": "Patricia Lebsack",
    "username": "Karianne",
    "email": "Julianne.OConner@kory.org",
    "address": {
      "street": "Hoeger Mall",
      "suite": "Apt. 692",
      "city": "South Elvis",
      "zipcode": "53919-4257",
      "geo": {
        "lat": "29.4572",
        "lng": "-164.2990"
      }
    },
    "phone": "493-170-9623 x156",
    "website": "kale.biz",
    "company": {
      "name": "Robel-Corkery",
      "catchPhrase": "Multi-tiered zero tolerance productivity",
      "bs": "transition cutting-edge web services"
    }
  },
  {
    "id": 5,
    "name": "Chelsey Dietrich",
    "username": "Kamren",
    "email": "Lucio_Hettinger@annie.ca",
    "address": {
      "street": "Skiles Walks",
      "suite": "Suite 351",
      "city": "Roscoeview",
      "zipcode": "33263",
      "geo": {
        "lat": "-31.8129",
        "lng": "62.5342"
      }
    },
    "phone": "(254)954-1289",
    "website": "demarco.info",
    "company": {
      "name": "Keebler LLC",
      "catchPhrase": "User-centric fault-tolerant solution",
      "bs": "revolutionize end-to-end systems"
    }
  },
  {
    "id": 6,
    "name": "Mrs. Dennis Schulist",
    "username": "Leopoldo_Corkery",
    "email": "Karley_Dach@jasper.info",
    "address": {
      "street": "Norberto Crossing",
      "suite": "Apt. 950",
      "city": "South Christy",
      "zipcode": "23505-1337",
      "geo": {
        "lat": "-71.4197",
        "lng": "71.7478"
      }
    },
    "phone": "1-477-935-8478 x6430",
    "website": "ola.org",
    "company": {
      "name": "Considine-Lockman",
      "catchPhrase": "Synchronised bottom-line interface",
      "bs": "e-enable innovative applications"
    }
  },
  {
    "id": 7,
    "name": "Kurtis Weissnat",
    "username": "Elwyn.Skiles",
    "email": "Telly.Hoeger@billy.biz",
    "address": {
      "street": "Rex Trail",
      "suite": "Suite 280",
      "city": "Howemouth",
      "zipcode": "58804-1099",
      "geo": {
        "lat": "24.8918",
        "lng": "21.8984"
      }
    },
    "phone": "210.067.6132",
    "website": "elvis.io",
    "company": {
      "name": "Johns Group",
      "catchPhrase": "Configurable multimedia task-force",
      "bs": "generate enterprise e-tailers"
    }
  },
  {
    "id": 8,
    "name": "Nicholas Runolfsdottir V",
    "username": "Maxime_Nienow",
    "email": "Sherwood@rosamond.me",
    "address": {
      "street": "Ellsworth Summit",
      "suite": "Suite 729",
      "city": "Aliyaview",
      "zipcode": "45169",
      "geo": {
        "lat": "-14.3990",
        "lng": "-120.7677"
      }
    },
    "phone": "586.493.6943 x140",
    "website": "jacynthe.com",
    "company": {
      "name": "Abernathy Group",
      "catchPhrase": "Implemented secondary concept",
      "bs": "e-enable extensible e-tailers"
    }
  },
  {
    "id": 9,
    "name": "Glenna Reichert",
    "username": "Delphine",
    "email": "Chaim_McDermott@dana.io",
    "address": {
      "street": "Dayna Park",
      "suite": "Suite 449",
      "city": "Bartholomebury",
      "zipcode": "76495-3109",
      "geo": {
        "lat": "24.6463",
        "lng": "-168.8889"
      }
    },
    "phone": "(775)976-6794 x41206",
    "website": "conrad.com",
    "company": {
      "name": "Yost and Sons",
      "catchPhrase": "Switchable contextually-based project",
      "bs": "aggregate real-time technologies"
    }
  },
  {
    "id": 10,
    "name": "Clementina DuBuque",
    "username": "Moriah.Stanton",
    "email": "Rey.Padberg@karina.biz",
    "address": {
      "street": "Kattie Turnpike",
      "suite": "Suite 198",
      "city": "Lebsackbury",
      "zipcode": "31428-2261",
      "geo": {
        "lat": "-38.2386",
        "lng": "57.2232"
      }
    },
    "phone": "024-648-3804",
    "website": "ambrose.net",
    "company": {
      "name": "Hoeger LLC",
      "catchPhrase": "Centralized empowering task-force",
      "bs": "target end-to-end models"
    }
  }
]

02:24:44.242 [main] DEBUG com.intuit.karate - request:
2 > GET https://jsonplaceholder.typicode.com/users/1
2 > Host: jsonplaceholder.typicode.com
2 > Connection: Keep-Alive
2 > User-Agent: Apache-HttpClient/4.5.13 (Java/1.8.0_231)
2 > Accept-Encoding: gzip,deflate


02:24:44.361 [main] DEBUG com.intuit.karate - response time in milliseconds: 118
2 < 200
2 < Date: Wed, 29 Jun 2022 20:54:41 GMT
2 < Content-Type: application/json; charset=utf-8
2 < Transfer-Encoding: chunked
2 < Connection: keep-alive
2 < X-Powered-By: Express
2 < X-Ratelimit-Limit: 1000
2 < X-Ratelimit-Remaining: 999
2 < X-Ratelimit-Reset: 1656471668
2 < Vary: Origin, Accept-Encoding
2 < Access-Control-Allow-Credentials: true
2 < Cache-Control: max-age=43200
2 < Pragma: no-cache
2 < Expires: -1
2 < X-Content-Type-Options: nosniff
2 < Etag: W/"1fd-+2Y3G3w049iSZtw5t1mzSnunngE"
2 < Via: 1.1 vegur
2 < CF-Cache-Status: HIT
2 < Age: 4394
2 < Expect-CT: max-age=604800, report-uri="https://report-uri.cloudflare.com/cdn-cgi/beacon/expect-ct"
2 < Report-To: {"endpoints":[{"url":"https:\/\/a.nel.cloudflare.com\/report\/v3?s=%2ByMNkpvYktJkTu7yRx2UzM3yG3Z%2F5COf%2B7KxJjsGSkcn7WD7xfdlGfg3UfHcEpJvZOPuY9M023rDGETZGxQCK2lZWHXTRM%2BHMOFqnReJQxwScPNQvbiZTOPVZKN0LOhB3rRPah52sD6W1S9muxAK"}],"group":"cf-nel","max_age":604800}
2 < NEL: {"success_fraction":0,"report_to":"cf-nel","max_age":604800}
2 < Server: cloudflare
2 < CF-RAY: 72318f0f2da982ce-IAD
2 < alt-svc: h3=":443"; ma=86400, h3-29=":443"; ma=86400
{
  "id": 1,
  "name": "Leanne Graham",
  "username": "Bret",
  "email": "Sincere@april.biz",
  "address": {
    "street": "Kulas Light",
    "suite": "Apt. 556",
    "city": "Gwenborough",
    "zipcode": "92998-3874",
    "geo": {
      "lat": "-37.3159",
      "lng": "81.1496"
    }
  },
  "phone": "1-770-736-8031 x56442",
  "website": "hildegard.org",
  "company": {
    "name": "Romaguera-Crona",
    "catchPhrase": "Multi-layered client-server neural-net",
    "bs": "harness real-time e-markets"
  }
}

02:24:44.465 [main] INFO  com.intuit.karate - karate.env system property was: null 
02:24:44.732 [main] DEBUG com.intuit.karate - request:
1 > POST https://jsonplaceholder.typicode.com/users
1 > Content-Type: application/json; charset=UTF-8
1 > Content-Length: 160
1 > Host: jsonplaceholder.typicode.com
1 > Connection: Keep-Alive
1 > User-Agent: Apache-HttpClient/4.5.13 (Java/1.8.0_231)
1 > Accept-Encoding: gzip,deflate
{"name":"Test User","username":"testuser","email":"test@user.com","address":{"street":"Has No Name","suite":"Apt. 123","city":"Electri","zipcode":"54321-6789"}}

02:24:44.882 [main] DEBUG com.intuit.karate - response time in milliseconds: 149
1 < 201
1 < Date: Wed, 29 Jun 2022 20:54:42 GMT
1 < Content-Type: application/json; charset=utf-8
1 < Content-Length: 216
1 < Connection: keep-alive
1 < X-Powered-By: Express
1 < X-Ratelimit-Limit: 1000
1 < X-Ratelimit-Remaining: 999
1 < X-Ratelimit-Reset: 1656536114
1 < Vary: Origin, X-HTTP-Method-Override, Accept-Encoding
1 < Access-Control-Allow-Credentials: true
1 < Cache-Control: no-cache
1 < Pragma: no-cache
1 < Expires: -1
1 < Access-Control-Expose-Headers: Location
1 < Location: http://jsonplaceholder.typicode.com/users/11
1 < X-Content-Type-Options: nosniff
1 < Etag: W/"d8-pYV7+YuMGP2hxHPU9ARrf97ifDA"
1 < Via: 1.1 vegur
1 < CF-Cache-Status: DYNAMIC
1 < Expect-CT: max-age=604800, report-uri="https://report-uri.cloudflare.com/cdn-cgi/beacon/expect-ct"
1 < Report-To: {"endpoints":[{"url":"https:\/\/a.nel.cloudflare.com\/report\/v3?s=vmMEjBsXY69lQzVlnZCoRVv54wRqgvZTa1QR57tmokCNYDH841CKaQYvL1pH74jcVotlaKs9hmusDjbqwgOU5U7rUn%2BmnbPAEsUTj%2FcSxZ5QVoymnz%2FBWtlyNdcCXoSmSxDJ8r3jZRnTAEWwQVxJ"}],"group":"cf-nel","max_age":604800}
1 < NEL: {"success_fraction":0,"report_to":"cf-nel","max_age":604800}
1 < Server: cloudflare
1 < CF-RAY: 72318f124d326fc7-IAD
1 < alt-svc: h3=":443"; ma=86400, h3-29=":443"; ma=86400
{
  "name": "Test User",
  "username": "testuser",
  "email": "test@user.com",
  "address": {
    "street": "Has No Name",
    "suite": "Apt. 123",
    "city": "Electri",
    "zipcode": "54321-6789"
  },
  "id": 11
}

02:24:44.893 [main] INFO  com.intuit.karate - [print] created id is:  11 
02:25:17.277 [main] ERROR com.intuit.karate.core.FeatureParser - not a valid feature file: examples/users/users.feature - mismatched input 'p' expecting <EOF>
02:25:31.271 [main] ERROR com.intuit.karate.core.FeatureParser - not a valid feature file: examples/users/users.feature - mismatched input 'p' expecting <EOF>
02:26:10.544 [main] ERROR com.intuit.karate.core.FeatureParser - not a valid feature file: examples/users/users.feature - mismatched input 'p' expecting <EOF>
02:27:18.270 [main] DEBUG com.intuit.karate.Suite - [config] classpath:karate-config.js
02:27:20.870 [main] INFO  com.intuit.karate - karate.env system property was: null 
02:27:23.239 [main] DEBUG com.intuit.karate - request:
1 > GET https://jsonplaceholder.typicode.com/users
1 > Host: jsonplaceholder.typicode.com
1 > Connection: Keep-Alive
1 > User-Agent: Apache-HttpClient/4.5.13 (Java/1.8.0_231)
1 > Accept-Encoding: gzip,deflate


02:27:23.827 [main] DEBUG com.intuit.karate - response time in milliseconds: 583
1 < 200
1 < Date: Wed, 29 Jun 2022 20:57:21 GMT
1 < Content-Type: application/json; charset=utf-8
1 < Transfer-Encoding: chunked
1 < Connection: keep-alive
1 < X-Powered-By: Express
1 < X-Ratelimit-Limit: 1000
1 < X-Ratelimit-Remaining: 999
1 < X-Ratelimit-Reset: 1649682122
1 < Vary: Origin, Accept-Encoding
1 < Access-Control-Allow-Credentials: true
1 < Cache-Control: max-age=43200
1 < Pragma: no-cache
1 < Expires: -1
1 < X-Content-Type-Options: nosniff
1 < Etag: W/"160d-1eMSsxeJRfnVLRBmYJSbCiJZ1qQ"
1 < Via: 1.1 vegur
1 < CF-Cache-Status: HIT
1 < Age: 27337
1 < Expect-CT: max-age=604800, report-uri="https://report-uri.cloudflare.com/cdn-cgi/beacon/expect-ct"
1 < Report-To: {"endpoints":[{"url":"https:\/\/a.nel.cloudflare.com\/report\/v3?s=aBzQKm7FPpSy3%2FZwUYa155A2414YEBjqE58LF%2FAO%2BAFGUbT9Ff5EH9uOtGn5A4v%2BtLDomjAfHz%2FVvGrPnqe2%2BjXdIuZVK1QpXrngDjNDwNYjPZ%2FmbXo1ieSaIhpRkxFVu3r7OwS92KiIsRleQkP3"}],"group":"cf-nel","max_age":604800}
1 < NEL: {"success_fraction":0,"report_to":"cf-nel","max_age":604800}
1 < Server: cloudflare
1 < CF-RAY: 723192f2ae8c8011-IAD
1 < alt-svc: h3=":443"; ma=86400, h3-29=":443"; ma=86400
[
  {
    "id": 1,
    "name": "Leanne Graham",
    "username": "Bret",
    "email": "Sincere@april.biz",
    "address": {
      "street": "Kulas Light",
      "suite": "Apt. 556",
      "city": "Gwenborough",
      "zipcode": "92998-3874",
      "geo": {
        "lat": "-37.3159",
        "lng": "81.1496"
      }
    },
    "phone": "1-770-736-8031 x56442",
    "website": "hildegard.org",
    "company": {
      "name": "Romaguera-Crona",
      "catchPhrase": "Multi-layered client-server neural-net",
      "bs": "harness real-time e-markets"
    }
  },
  {
    "id": 2,
    "name": "Ervin Howell",
    "username": "Antonette",
    "email": "Shanna@melissa.tv",
    "address": {
      "street": "Victor Plains",
      "suite": "Suite 879",
      "city": "Wisokyburgh",
      "zipcode": "90566-7771",
      "geo": {
        "lat": "-43.9509",
        "lng": "-34.4618"
      }
    },
    "phone": "010-692-6593 x09125",
    "website": "anastasia.net",
    "company": {
      "name": "Deckow-Crist",
      "catchPhrase": "Proactive didactic contingency",
      "bs": "synergize scalable supply-chains"
    }
  },
  {
    "id": 3,
    "name": "Clementine Bauch",
    "username": "Samantha",
    "email": "Nathan@yesenia.net",
    "address": {
      "street": "Douglas Extension",
      "suite": "Suite 847",
      "city": "McKenziehaven",
      "zipcode": "59590-4157",
      "geo": {
        "lat": "-68.6102",
        "lng": "-47.0653"
      }
    },
    "phone": "1-463-123-4447",
    "website": "ramiro.info",
    "company": {
      "name": "Romaguera-Jacobson",
      "catchPhrase": "Face to face bifurcated interface",
      "bs": "e-enable strategic applications"
    }
  },
  {
    "id": 4,
    "name": "Patricia Lebsack",
    "username": "Karianne",
    "email": "Julianne.OConner@kory.org",
    "address": {
      "street": "Hoeger Mall",
      "suite": "Apt. 692",
      "city": "South Elvis",
      "zipcode": "53919-4257",
      "geo": {
        "lat": "29.4572",
        "lng": "-164.2990"
      }
    },
    "phone": "493-170-9623 x156",
    "website": "kale.biz",
    "company": {
      "name": "Robel-Corkery",
      "catchPhrase": "Multi-tiered zero tolerance productivity",
      "bs": "transition cutting-edge web services"
    }
  },
  {
    "id": 5,
    "name": "Chelsey Dietrich",
    "username": "Kamren",
    "email": "Lucio_Hettinger@annie.ca",
    "address": {
      "street": "Skiles Walks",
      "suite": "Suite 351",
      "city": "Roscoeview",
      "zipcode": "33263",
      "geo": {
        "lat": "-31.8129",
        "lng": "62.5342"
      }
    },
    "phone": "(254)954-1289",
    "website": "demarco.info",
    "company": {
      "name": "Keebler LLC",
      "catchPhrase": "User-centric fault-tolerant solution",
      "bs": "revolutionize end-to-end systems"
    }
  },
  {
    "id": 6,
    "name": "Mrs. Dennis Schulist",
    "username": "Leopoldo_Corkery",
    "email": "Karley_Dach@jasper.info",
    "address": {
      "street": "Norberto Crossing",
      "suite": "Apt. 950",
      "city": "South Christy",
      "zipcode": "23505-1337",
      "geo": {
        "lat": "-71.4197",
        "lng": "71.7478"
      }
    },
    "phone": "1-477-935-8478 x6430",
    "website": "ola.org",
    "company": {
      "name": "Considine-Lockman",
      "catchPhrase": "Synchronised bottom-line interface",
      "bs": "e-enable innovative applications"
    }
  },
  {
    "id": 7,
    "name": "Kurtis Weissnat",
    "username": "Elwyn.Skiles",
    "email": "Telly.Hoeger@billy.biz",
    "address": {
      "street": "Rex Trail",
      "suite": "Suite 280",
      "city": "Howemouth",
      "zipcode": "58804-1099",
      "geo": {
        "lat": "24.8918",
        "lng": "21.8984"
      }
    },
    "phone": "210.067.6132",
    "website": "elvis.io",
    "company": {
      "name": "Johns Group",
      "catchPhrase": "Configurable multimedia task-force",
      "bs": "generate enterprise e-tailers"
    }
  },
  {
    "id": 8,
    "name": "Nicholas Runolfsdottir V",
    "username": "Maxime_Nienow",
    "email": "Sherwood@rosamond.me",
    "address": {
      "street": "Ellsworth Summit",
      "suite": "Suite 729",
      "city": "Aliyaview",
      "zipcode": "45169",
      "geo": {
        "lat": "-14.3990",
        "lng": "-120.7677"
      }
    },
    "phone": "586.493.6943 x140",
    "website": "jacynthe.com",
    "company": {
      "name": "Abernathy Group",
      "catchPhrase": "Implemented secondary concept",
      "bs": "e-enable extensible e-tailers"
    }
  },
  {
    "id": 9,
    "name": "Glenna Reichert",
    "username": "Delphine",
    "email": "Chaim_McDermott@dana.io",
    "address": {
      "street": "Dayna Park",
      "suite": "Suite 449",
      "city": "Bartholomebury",
      "zipcode": "76495-3109",
      "geo": {
        "lat": "24.6463",
        "lng": "-168.8889"
      }
    },
    "phone": "(775)976-6794 x41206",
    "website": "conrad.com",
    "company": {
      "name": "Yost and Sons",
      "catchPhrase": "Switchable contextually-based project",
      "bs": "aggregate real-time technologies"
    }
  },
  {
    "id": 10,
    "name": "Clementina DuBuque",
    "username": "Moriah.Stanton",
    "email": "Rey.Padberg@karina.biz",
    "address": {
      "street": "Kattie Turnpike",
      "suite": "Suite 198",
      "city": "Lebsackbury",
      "zipcode": "31428-2261",
      "geo": {
        "lat": "-38.2386",
        "lng": "57.2232"
      }
    },
    "phone": "024-648-3804",
    "website": "ambrose.net",
    "company": {
      "name": "Hoeger LLC",
      "catchPhrase": "Centralized empowering task-force",
      "bs": "target end-to-end models"
    }
  }
]

02:27:23.946 [main] DEBUG com.intuit.karate - request:
2 > GET https://jsonplaceholder.typicode.com/users/1
2 > Host: jsonplaceholder.typicode.com
2 > Connection: Keep-Alive
2 > User-Agent: Apache-HttpClient/4.5.13 (Java/1.8.0_231)
2 > Accept-Encoding: gzip,deflate


02:27:24.087 [main] DEBUG com.intuit.karate - response time in milliseconds: 140
2 < 200
2 < Date: Wed, 29 Jun 2022 20:57:21 GMT
2 < Content-Type: application/json; charset=utf-8
2 < Transfer-Encoding: chunked
2 < Connection: keep-alive
2 < X-Powered-By: Express
2 < X-Ratelimit-Limit: 1000
2 < X-Ratelimit-Remaining: 999
2 < X-Ratelimit-Reset: 1656421297
2 < Vary: Origin, Accept-Encoding
2 < Access-Control-Allow-Credentials: true
2 < Cache-Control: max-age=43200
2 < Pragma: no-cache
2 < Expires: -1
2 < X-Content-Type-Options: nosniff
2 < Etag: W/"1fd-+2Y3G3w049iSZtw5t1mzSnunngE"
2 < Via: 1.1 vegur
2 < CF-Cache-Status: HIT
2 < Age: 20556
2 < Expect-CT: max-age=604800, report-uri="https://report-uri.cloudflare.com/cdn-cgi/beacon/expect-ct"
2 < Report-To: {"endpoints":[{"url":"https:\/\/a.nel.cloudflare.com\/report\/v3?s=ejNmuqWh1AxOpf4xHFQjVqz1rkGJWJYlNyyQW20n8L8%2BOB%2B6DJRn6Ch6jcqAem1dPkz5U1bqsJJzzLguuL7F2UN1uOdfFbJRdES9JzOGP%2BS3Ms60XtAf0owf%2BhWgW%2FBnwSO7fmL7XKsUqwaEBJxg"}],"group":"cf-nel","max_age":604800}
2 < NEL: {"success_fraction":0,"report_to":"cf-nel","max_age":604800}
2 < Server: cloudflare
2 < CF-RAY: 723192f5780d5b16-IAD
2 < alt-svc: h3=":443"; ma=86400, h3-29=":443"; ma=86400
{
  "id": 1,
  "name": "Leanne Graham",
  "username": "Bret",
  "email": "Sincere@april.biz",
  "address": {
    "street": "Kulas Light",
    "suite": "Apt. 556",
    "city": "Gwenborough",
    "zipcode": "92998-3874",
    "geo": {
      "lat": "-37.3159",
      "lng": "81.1496"
    }
  },
  "phone": "1-770-736-8031 x56442",
  "website": "hildegard.org",
  "company": {
    "name": "Romaguera-Crona",
    "catchPhrase": "Multi-layered client-server neural-net",
    "bs": "harness real-time e-markets"
  }
}

02:27:24.118 [main] INFO  com.intuit.karate - karate.env system property was: null 
02:27:24.351 [main] DEBUG com.intuit.karate - request:
1 > POST https://jsonplaceholder.typicode.com/users
1 > Content-Type: application/json; charset=UTF-8
1 > Content-Length: 160
1 > Host: jsonplaceholder.typicode.com
1 > Connection: Keep-Alive
1 > User-Agent: Apache-HttpClient/4.5.13 (Java/1.8.0_231)
1 > Accept-Encoding: gzip,deflate
{"name":"Test User","username":"testuser","email":"test@user.com","address":{"street":"Has No Name","suite":"Apt. 123","city":"Electri","zipcode":"54321-6789"}}

02:27:24.519 [main] DEBUG com.intuit.karate - response time in milliseconds: 167
1 < 201
1 < Date: Wed, 29 Jun 2022 20:57:21 GMT
1 < Content-Type: application/json; charset=utf-8
1 < Content-Length: 216
1 < Connection: keep-alive
1 < X-Powered-By: Express
1 < X-Ratelimit-Limit: 1000
1 < X-Ratelimit-Remaining: 999
1 < X-Ratelimit-Reset: 1656536294
1 < Vary: Origin, X-HTTP-Method-Override, Accept-Encoding
1 < Access-Control-Allow-Credentials: true
1 < Cache-Control: no-cache
1 < Pragma: no-cache
1 < Expires: -1
1 < Access-Control-Expose-Headers: Location
1 < Location: http://jsonplaceholder.typicode.com/users/11
1 < X-Content-Type-Options: nosniff
1 < Etag: W/"d8-pYV7+YuMGP2hxHPU9ARrf97ifDA"
1 < Via: 1.1 vegur
1 < CF-Cache-Status: DYNAMIC
1 < Expect-CT: max-age=604800, report-uri="https://report-uri.cloudflare.com/cdn-cgi/beacon/expect-ct"
1 < Report-To: {"endpoints":[{"url":"https:\/\/a.nel.cloudflare.com\/report\/v3?s=mRFbzOuTqiW2iCpQMBJ3V5D63v7ekvKvtp4o919jqR708mbewTjA%2FzwCDTFgt%2FS3irT6jzyo7SR2uy6ZbwR7nvgokSJ63Z8cJro1ElEgJ45Nb0Rmn1T%2FyJa5ZJbFvZ%2Fc2ApUnGvc1wvEGdJKkPkH"}],"group":"cf-nel","max_age":604800}
1 < NEL: {"success_fraction":0,"report_to":"cf-nel","max_age":604800}
1 < Server: cloudflare
1 < CF-RAY: 723192f80c086fe6-IAD
1 < alt-svc: h3=":443"; ma=86400, h3-29=":443"; ma=86400
{
  "name": "Test User",
  "username": "testuser",
  "email": "test@user.com",
  "address": {
    "street": "Has No Name",
    "suite": "Apt. 123",
    "city": "Electri",
    "zipcode": "54321-6789"
  },
  "id": 11
}

02:27:24.527 [main] INFO  com.intuit.karate - [print] created id is:  11 
02:41:19.672 [main] ERROR com.intuit.karate.core.FeatureParser - not a valid feature file: example/weather/weather.feature - mismatched input 'p' expecting <EOF>
02:42:39.773 [main] DEBUG com.intuit.karate.Suite - [config] classpath:karate-config.js
02:42:44.736 [main] INFO  com.intuit.karate - karate.env system property was: null 
02:42:44.917 [main] ERROR com.intuit.karate - classpath:example/weather/weather.feature:4
Given url http://www.webservicex.com/globalweather.asmx?wsdl
js failed:
>>>>
01: http://www.webservicex.com/globalweather.asmx?wsdl
<<<<
org.graalvm.polyglot.PolyglotException: SyntaxError: Unnamed:1:50 Expected ; but found eof
http://www.webservicex.com/globalweather.asmx?wsdl
                                                  ^

- org.graalvm.polyglot.Context.eval(Context.java:401)
- com.intuit.karate.graal.JsEngine.evalForValue(JsEngine.java:141)
- com.intuit.karate.graal.JsEngine.eval(JsEngine.java:137)
- com.intuit.karate.core.ScenarioEngine.evalJs(ScenarioEngine.java:1344)
- com.intuit.karate.core.ScenarioEngine.evalKarateExpression(ScenarioEngine.java:2373)
- com.intuit.karate.core.ScenarioEngine.evalKarateExpression(ScenarioEngine.java:2292)
- com.intuit.karate.core.ScenarioEngine.url(ScenarioEngine.java:365)

classpath:example/weather/weather.feature:4
02:42:44.985 [main] INFO  com.intuit.karate - karate.env system property was: null 
02:42:45.000 [main] ERROR com.intuit.karate - classpath:example/weather/weather.feature:10
Given url http://www.webservicex.com/globalweather.asmx?wsdl
js failed:
>>>>
01: http://www.webservicex.com/globalweather.asmx?wsdl
<<<<
org.graalvm.polyglot.PolyglotException: SyntaxError: Unnamed:1:50 Expected ; but found eof
http://www.webservicex.com/globalweather.asmx?wsdl
                                                  ^

- org.graalvm.polyglot.Context.eval(Context.java:401)
- com.intuit.karate.graal.JsEngine.evalForValue(JsEngine.java:141)
- com.intuit.karate.graal.JsEngine.eval(JsEngine.java:137)
- com.intuit.karate.core.ScenarioEngine.evalJs(ScenarioEngine.java:1344)
- com.intuit.karate.core.ScenarioEngine.evalKarateExpression(ScenarioEngine.java:2373)
- com.intuit.karate.core.ScenarioEngine.evalKarateExpression(ScenarioEngine.java:2292)
- com.intuit.karate.core.ScenarioEngine.url(ScenarioEngine.java:365)

classpath:example/weather/weather.feature:10
02:44:15.323 [main] DEBUG com.intuit.karate.Suite - [config] classpath:karate-config.js
02:44:19.484 [main] INFO  com.intuit.karate - karate.env system property was: null 
02:44:19.864 [main] ERROR com.intuit.karate - classpath:example/weather/weather.feature:4
Given url http://www.webservicex.com/globalweather.asmx?wsdl;
js failed:
>>>>
01: http://www.webservicex.com/globalweather.asmx?wsdl;
<<<<
org.graalvm.polyglot.PolyglotException: SyntaxError: Unnamed:1:51 Expected ; but found eof
http://www.webservicex.com/globalweather.asmx?wsdl;
                                                   ^

- org.graalvm.polyglot.Context.eval(Context.java:401)
- com.intuit.karate.graal.JsEngine.evalForValue(JsEngine.java:141)
- com.intuit.karate.graal.JsEngine.eval(JsEngine.java:137)
- com.intuit.karate.core.ScenarioEngine.evalJs(ScenarioEngine.java:1344)
- com.intuit.karate.core.ScenarioEngine.evalKarateExpression(ScenarioEngine.java:2373)
- com.intuit.karate.core.ScenarioEngine.evalKarateExpression(ScenarioEngine.java:2292)
- com.intuit.karate.core.ScenarioEngine.url(ScenarioEngine.java:365)

classpath:example/weather/weather.feature:4
02:44:19.966 [main] INFO  com.intuit.karate - karate.env system property was: null 
02:44:19.981 [main] ERROR com.intuit.karate - classpath:example/weather/weather.feature:10
Given url http://www.webservicex.com/globalweather.asmx?wsdl;
js failed:
>>>>
01: http://www.webservicex.com/globalweather.asmx?wsdl;
<<<<
org.graalvm.polyglot.PolyglotException: SyntaxError: Unnamed:1:51 Expected ; but found eof
http://www.webservicex.com/globalweather.asmx?wsdl;
                                                   ^

- org.graalvm.polyglot.Context.eval(Context.java:401)
- com.intuit.karate.graal.JsEngine.evalForValue(JsEngine.java:141)
- com.intuit.karate.graal.JsEngine.eval(JsEngine.java:137)
- com.intuit.karate.core.ScenarioEngine.evalJs(ScenarioEngine.java:1344)
- com.intuit.karate.core.ScenarioEngine.evalKarateExpression(ScenarioEngine.java:2373)
- com.intuit.karate.core.ScenarioEngine.evalKarateExpression(ScenarioEngine.java:2292)
- com.intuit.karate.core.ScenarioEngine.url(ScenarioEngine.java:365)

classpath:example/weather/weather.feature:10
02:48:29.135 [main] DEBUG com.intuit.karate.Suite - [config] classpath:karate-config.js
02:48:33.540 [main] INFO  com.intuit.karate - karate.env system property was: null 
02:48:36.778 [main] DEBUG com.intuit.karate - request:
1 > GET http://www.webservicex.com/globalweather.asmx?wsdl
1 > Host: www.webservicex.com
1 > Connection: Keep-Alive
1 > User-Agent: Apache-HttpClient/4.5.13 (Java/1.8.0_231)
1 > Accept-Encoding: gzip,deflate


02:48:37.207 [main] DEBUG com.intuit.karate - response time in milliseconds: 422
1 < 404
1 < Content-Type: text/html
1 < Cache-Control: private, no-cache, max-age=0
1 < Pragma: no-cache
1 < Date: Wed, 29 Jun 2022 21:18:37 GMT
1 < Server: LiteSpeed
1 < Vary: Accept-Encoding
1 < Transfer-Encoding: chunked
1 < Connection: Keep-Alive
<!DOCTYPE html>
<html style="height:100%">
<head>
<meta name="viewport" content="width=device-width, initial-scale=1, shrink-to-fit=no">
<title> 404 Not Found
</title></head>
<body style="color: #444; margin:0;font: normal 14px/20px Arial, Helvetica, sans-serif; height:100%; background-color: #fff;">
<div style="height:auto; min-height:100%; ">     <div style="text-align: center; width:800px; margin-left: -400px; position:absolute; top: 30%; left:50%;">
        <h1 style="margin:0; font-size:150px; line-height:150px; font-weight:bold;">404</h1>
<h2 style="margin-top:20px;font-size: 30px;">Not Found
</h2>
<p>The resource requested could not be found on this server!</p>
</div></div><div style="color:#f0f0f0; font-size:12px;margin:auto;padding:0px 30px 0px 30px;position:relative;clear:both;height:100px;margin-top:-101px;background-color:#474747;border-top: 1px solid rgba(0,0,0,0.15);box-shadow: 0 1px 0 rgba(255, 255, 255, 0.3) inset;">
<br>Proudly powered by  <a style="color:#fff;" href="http://www.litespeedtech.com/error-page">LiteSpeed Web Server</a><p>Please be advised that LiteSpeed Technologies Inc. is not a web hosting company and, as such, has no control over content found on this site.</p></div></body></html>


02:48:37.217 [main] ERROR com.intuit.karate - classpath:example/weather/weather.feature:6
Then status 200
status code was: 404, expected: 200, response time in milliseconds: 422, url: http://www.webservicex.com/globalweather.asmx?wsdl, response: 
<!DOCTYPE html>
<html style="height:100%">
<head>
<meta name="viewport" content="width=device-width, initial-scale=1, shrink-to-fit=no">
<title> 404 Not Found
</title></head>
<body style="color: #444; margin:0;font: normal 14px/20px Arial, Helvetica, sans-serif; height:100%; background-color: #fff;">
<div style="height:auto; min-height:100%; ">     <div style="text-align: center; width:800px; margin-left: -400px; position:absolute; top: 30%; left:50%;">
        <h1 style="margin:0; font-size:150px; line-height:150px; font-weight:bold;">404</h1>
<h2 style="margin-top:20px;font-size: 30px;">Not Found
</h2>
<p>The resource requested could not be found on this server!</p>
</div></div><div style="color:#f0f0f0; font-size:12px;margin:auto;padding:0px 30px 0px 30px;position:relative;clear:both;height:100px;margin-top:-101px;background-color:#474747;border-top: 1px solid rgba(0,0,0,0.15);box-shadow: 0 1px 0 rgba(255, 255, 255, 0.3) inset;">
<br>Proudly powered by  <a style="color:#fff;" href="http://www.litespeedtech.com/error-page">LiteSpeed Web Server</a><p>Please be advised that LiteSpeed Technologies Inc. is not a web hosting company and, as such, has no control over content found on this site.</p></div></body></html>

classpath:example/weather/weather.feature:6
02:48:37.322 [main] INFO  com.intuit.karate - karate.env system property was: null 
02:48:37.332 [main] DEBUG com.intuit.karate - request:
1 > PUT http://www.webservicex.com/globalweather.asmx?wsdl
1 > Host: www.webservicex.com
1 > Connection: Keep-Alive
1 > User-Agent: Apache-HttpClient/4.5.13 (Java/1.8.0_231)
1 > Accept-Encoding: gzip,deflate


02:48:37.612 [main] DEBUG com.intuit.karate - response time in milliseconds: 280
1 < 404
1 < Content-Type: text/html
1 < Cache-Control: private, no-cache, max-age=0
1 < Pragma: no-cache
1 < Date: Wed, 29 Jun 2022 21:18:37 GMT
1 < Server: LiteSpeed
1 < Vary: Accept-Encoding
1 < Transfer-Encoding: chunked
1 < Connection: Keep-Alive
<!DOCTYPE html>
<html style="height:100%">
<head>
<meta name="viewport" content="width=device-width, initial-scale=1, shrink-to-fit=no">
<title> 404 Not Found
</title></head>
<body style="color: #444; margin:0;font: normal 14px/20px Arial, Helvetica, sans-serif; height:100%; background-color: #fff;">
<div style="height:auto; min-height:100%; ">     <div style="text-align: center; width:800px; margin-left: -400px; position:absolute; top: 30%; left:50%;">
        <h1 style="margin:0; font-size:150px; line-height:150px; font-weight:bold;">404</h1>
<h2 style="margin-top:20px;font-size: 30px;">Not Found
</h2>
<p>The resource requested could not be found on this server!</p>
</div></div><div style="color:#f0f0f0; font-size:12px;margin:auto;padding:0px 30px 0px 30px;position:relative;clear:both;height:100px;margin-top:-101px;background-color:#474747;border-top: 1px solid rgba(0,0,0,0.15);box-shadow: 0 1px 0 rgba(255, 255, 255, 0.3) inset;">
<br>Proudly powered by  <a style="color:#fff;" href="http://www.litespeedtech.com/error-page">LiteSpeed Web Server</a><p>Please be advised that LiteSpeed Technologies Inc. is not a web hosting company and, as such, has no control over content found on this site.</p></div></body></html>


02:48:37.617 [main] ERROR com.intuit.karate - classpath:example/weather/weather.feature:12
Then status 200
status code was: 404, expected: 200, response time in milliseconds: 280, url: http://www.webservicex.com/globalweather.asmx?wsdl, response: 
<!DOCTYPE html>
<html style="height:100%">
<head>
<meta name="viewport" content="width=device-width, initial-scale=1, shrink-to-fit=no">
<title> 404 Not Found
</title></head>
<body style="color: #444; margin:0;font: normal 14px/20px Arial, Helvetica, sans-serif; height:100%; background-color: #fff;">
<div style="height:auto; min-height:100%; ">     <div style="text-align: center; width:800px; margin-left: -400px; position:absolute; top: 30%; left:50%;">
        <h1 style="margin:0; font-size:150px; line-height:150px; font-weight:bold;">404</h1>
<h2 style="margin-top:20px;font-size: 30px;">Not Found
</h2>
<p>The resource requested could not be found on this server!</p>
</div></div><div style="color:#f0f0f0; font-size:12px;margin:auto;padding:0px 30px 0px 30px;position:relative;clear:both;height:100px;margin-top:-101px;background-color:#474747;border-top: 1px solid rgba(0,0,0,0.15);box-shadow: 0 1px 0 rgba(255, 255, 255, 0.3) inset;">
<br>Proudly powered by  <a style="color:#fff;" href="http://www.litespeedtech.com/error-page">LiteSpeed Web Server</a><p>Please be advised that LiteSpeed Technologies Inc. is not a web hosting company and, as such, has no control over content found on this site.</p></div></body></html>

classpath:example/weather/weather.feature:12
02:49:23.680 [main] DEBUG com.intuit.karate.Suite - [config] classpath:karate-config.js
02:49:27.870 [main] INFO  com.intuit.karate - karate.env system property was: null 
02:49:30.755 [main] DEBUG com.intuit.karate - request:
1 > GET http://www.webservicex.com/globalweather.asmx?wsdl
1 > Host: www.webservicex.com
1 > Connection: Keep-Alive
1 > User-Agent: Apache-HttpClient/4.5.13 (Java/1.8.0_231)
1 > Accept-Encoding: gzip,deflate


02:49:31.105 [main] DEBUG com.intuit.karate - response time in milliseconds: 345
1 < 404
1 < Content-Type: text/html
1 < Cache-Control: private, no-cache, max-age=0
1 < Pragma: no-cache
1 < Date: Wed, 29 Jun 2022 21:19:30 GMT
1 < Server: LiteSpeed
1 < Vary: Accept-Encoding
1 < Transfer-Encoding: chunked
1 < Connection: Keep-Alive
<!DOCTYPE html>
<html style="height:100%">
<head>
<meta name="viewport" content="width=device-width, initial-scale=1, shrink-to-fit=no">
<title> 404 Not Found
</title></head>
<body style="color: #444; margin:0;font: normal 14px/20px Arial, Helvetica, sans-serif; height:100%; background-color: #fff;">
<div style="height:auto; min-height:100%; ">     <div style="text-align: center; width:800px; margin-left: -400px; position:absolute; top: 30%; left:50%;">
        <h1 style="margin:0; font-size:150px; line-height:150px; font-weight:bold;">404</h1>
<h2 style="margin-top:20px;font-size: 30px;">Not Found
</h2>
<p>The resource requested could not be found on this server!</p>
</div></div><div style="color:#f0f0f0; font-size:12px;margin:auto;padding:0px 30px 0px 30px;position:relative;clear:both;height:100px;margin-top:-101px;background-color:#474747;border-top: 1px solid rgba(0,0,0,0.15);box-shadow: 0 1px 0 rgba(255, 255, 255, 0.3) inset;">
<br>Proudly powered by  <a style="color:#fff;" href="http://www.litespeedtech.com/error-page">LiteSpeed Web Server</a><p>Please be advised that LiteSpeed Technologies Inc. is not a web hosting company and, as such, has no control over content found on this site.</p></div></body></html>


02:49:31.116 [main] ERROR com.intuit.karate - classpath:example/weather/weather.feature:6
Then status 200
status code was: 404, expected: 200, response time in milliseconds: 345, url: http://www.webservicex.com/globalweather.asmx?wsdl, response: 
<!DOCTYPE html>
<html style="height:100%">
<head>
<meta name="viewport" content="width=device-width, initial-scale=1, shrink-to-fit=no">
<title> 404 Not Found
</title></head>
<body style="color: #444; margin:0;font: normal 14px/20px Arial, Helvetica, sans-serif; height:100%; background-color: #fff;">
<div style="height:auto; min-height:100%; ">     <div style="text-align: center; width:800px; margin-left: -400px; position:absolute; top: 30%; left:50%;">
        <h1 style="margin:0; font-size:150px; line-height:150px; font-weight:bold;">404</h1>
<h2 style="margin-top:20px;font-size: 30px;">Not Found
</h2>
<p>The resource requested could not be found on this server!</p>
</div></div><div style="color:#f0f0f0; font-size:12px;margin:auto;padding:0px 30px 0px 30px;position:relative;clear:both;height:100px;margin-top:-101px;background-color:#474747;border-top: 1px solid rgba(0,0,0,0.15);box-shadow: 0 1px 0 rgba(255, 255, 255, 0.3) inset;">
<br>Proudly powered by  <a style="color:#fff;" href="http://www.litespeedtech.com/error-page">LiteSpeed Web Server</a><p>Please be advised that LiteSpeed Technologies Inc. is not a web hosting company and, as such, has no control over content found on this site.</p></div></body></html>

classpath:example/weather/weather.feature:6
02:49:31.199 [main] INFO  com.intuit.karate - karate.env system property was: null 
02:49:31.216 [main] DEBUG com.intuit.karate - request:
1 > PUT http://www.webservicex.com/globalweather.asmx?wsdl
1 > Host: www.webservicex.com
1 > Connection: Keep-Alive
1 > User-Agent: Apache-HttpClient/4.5.13 (Java/1.8.0_231)
1 > Accept-Encoding: gzip,deflate


02:49:31.525 [main] DEBUG com.intuit.karate - response time in milliseconds: 309
1 < 404
1 < Content-Type: text/html
1 < Cache-Control: private, no-cache, max-age=0
1 < Pragma: no-cache
1 < Date: Wed, 29 Jun 2022 21:19:31 GMT
1 < Server: LiteSpeed
1 < Vary: Accept-Encoding
1 < Transfer-Encoding: chunked
1 < Connection: Keep-Alive
<!DOCTYPE html>
<html style="height:100%">
<head>
<meta name="viewport" content="width=device-width, initial-scale=1, shrink-to-fit=no">
<title> 404 Not Found
</title></head>
<body style="color: #444; margin:0;font: normal 14px/20px Arial, Helvetica, sans-serif; height:100%; background-color: #fff;">
<div style="height:auto; min-height:100%; ">     <div style="text-align: center; width:800px; margin-left: -400px; position:absolute; top: 30%; left:50%;">
        <h1 style="margin:0; font-size:150px; line-height:150px; font-weight:bold;">404</h1>
<h2 style="margin-top:20px;font-size: 30px;">Not Found
</h2>
<p>The resource requested could not be found on this server!</p>
</div></div><div style="color:#f0f0f0; font-size:12px;margin:auto;padding:0px 30px 0px 30px;position:relative;clear:both;height:100px;margin-top:-101px;background-color:#474747;border-top: 1px solid rgba(0,0,0,0.15);box-shadow: 0 1px 0 rgba(255, 255, 255, 0.3) inset;">
<br>Proudly powered by  <a style="color:#fff;" href="http://www.litespeedtech.com/error-page">LiteSpeed Web Server</a><p>Please be advised that LiteSpeed Technologies Inc. is not a web hosting company and, as such, has no control over content found on this site.</p></div></body></html>


07:07:32.008 [main] DEBUG com.intuit.karate.Suite - [config] classpath:karate-config.js
07:07:32.024 [main] INFO  com.intuit.karate.Suite - backed up existing 'target\karate-reports' dir to: target\karate-reports_1657071452022
07:07:32.052 [main] DEBUG com.intuit.karate.Suite - waiting for 2 features to complete
07:07:36.989 [pool-1-thread-4] INFO  com.intuit.karate - karate.env system property was: null 
07:07:36.990 [pool-1-thread-3] INFO  com.intuit.karate - karate.env system property was: null 
07:07:36.990 [pool-1-thread-2] INFO  com.intuit.karate - karate.env system property was: null 
07:07:36.989 [pool-1-thread-1] INFO  com.intuit.karate - karate.env system property was: null 
07:07:41.383 [pool-1-thread-4] DEBUG com.intuit.karate - request:
1 > PUT http://www.webservicex.com/globalweather.asmx?wsdl
1 > Host: www.webservicex.com
1 > Connection: Keep-Alive
1 > User-Agent: Apache-HttpClient/4.5.13 (Java/1.8.0_231)
1 > Accept-Encoding: gzip,deflate


07:07:41.383 [pool-1-thread-3] DEBUG com.intuit.karate - request:
1 > GET http://www.webservicex.com/globalweather.asmx?wsdl
1 > Host: www.webservicex.com
1 > Connection: Keep-Alive
1 > User-Agent: Apache-HttpClient/4.5.13 (Java/1.8.0_231)
1 > Accept-Encoding: gzip,deflate


07:07:41.387 [pool-1-thread-2] DEBUG com.intuit.karate - request:
1 > POST https://jsonplaceholder.typicode.com/users
1 > Content-Type: application/json; charset=UTF-8
1 > Content-Length: 160
1 > Host: jsonplaceholder.typicode.com
1 > Connection: Keep-Alive
1 > User-Agent: Apache-HttpClient/4.5.13 (Java/1.8.0_231)
1 > Accept-Encoding: gzip,deflate
{"name":"Test User","username":"testuser","email":"test@user.com","address":{"street":"Has No Name","suite":"Apt. 123","city":"Electri","zipcode":"54321-6789"}}

07:07:41.385 [pool-1-thread-1] DEBUG com.intuit.karate - request:
1 > GET https://jsonplaceholder.typicode.com/users
1 > Host: jsonplaceholder.typicode.com
1 > Connection: Keep-Alive
1 > User-Agent: Apache-HttpClient/4.5.13 (Java/1.8.0_231)
1 > Accept-Encoding: gzip,deflate


07:07:41.924 [pool-1-thread-3] DEBUG com.intuit.karate - response time in milliseconds: 532
1 < 404
1 < Content-Type: text/html
1 < Cache-Control: private, no-cache, max-age=0
1 < Pragma: no-cache
1 < Date: Wed, 06 Jul 2022 01:37:41 GMT
1 < Server: LiteSpeed
1 < Vary: Accept-Encoding
1 < Transfer-Encoding: chunked
1 < Connection: Keep-Alive
<!DOCTYPE html>
<html style="height:100%">
<head>
<meta name="viewport" content="width=device-width, initial-scale=1, shrink-to-fit=no">
<title> 404 Not Found
</title></head>
<body style="color: #444; margin:0;font: normal 14px/20px Arial, Helvetica, sans-serif; height:100%; background-color: #fff;">
<div style="height:auto; min-height:100%; ">     <div style="text-align: center; width:800px; margin-left: -400px; position:absolute; top: 30%; left:50%;">
        <h1 style="margin:0; font-size:150px; line-height:150px; font-weight:bold;">404</h1>
<h2 style="margin-top:20px;font-size: 30px;">Not Found
</h2>
<p>The resource requested could not be found on this server!</p>
</div></div><div style="color:#f0f0f0; font-size:12px;margin:auto;padding:0px 30px 0px 30px;position:relative;clear:both;height:100px;margin-top:-101px;background-color:#474747;border-top: 1px solid rgba(0,0,0,0.15);box-shadow: 0 1px 0 rgba(255, 255, 255, 0.3) inset;">
<br>Proudly powered by  <a style="color:#fff;" href="http://www.litespeedtech.com/error-page">LiteSpeed Web Server</a><p>Please be advised that LiteSpeed Technologies Inc. is not a web hosting company and, as such, has no control over content found on this site.</p></div></body></html>


07:07:41.931 [pool-1-thread-4] DEBUG com.intuit.karate - response time in milliseconds: 547
1 < 404
1 < Content-Type: text/html
1 < Cache-Control: private, no-cache, max-age=0
1 < Pragma: no-cache
1 < Date: Wed, 06 Jul 2022 01:37:41 GMT
1 < Server: LiteSpeed
1 < Vary: Accept-Encoding
1 < Transfer-Encoding: chunked
1 < Connection: Keep-Alive
<!DOCTYPE html>
<html style="height:100%">
<head>
<meta name="viewport" content="width=device-width, initial-scale=1, shrink-to-fit=no">
<title> 404 Not Found
</title></head>
<body style="color: #444; margin:0;font: normal 14px/20px Arial, Helvetica, sans-serif; height:100%; background-color: #fff;">
<div style="height:auto; min-height:100%; ">     <div style="text-align: center; width:800px; margin-left: -400px; position:absolute; top: 30%; left:50%;">
        <h1 style="margin:0; font-size:150px; line-height:150px; font-weight:bold;">404</h1>
<h2 style="margin-top:20px;font-size: 30px;">Not Found
</h2>
<p>The resource requested could not be found on this server!</p>
</div></div><div style="color:#f0f0f0; font-size:12px;margin:auto;padding:0px 30px 0px 30px;position:relative;clear:both;height:100px;margin-top:-101px;background-color:#474747;border-top: 1px solid rgba(0,0,0,0.15);box-shadow: 0 1px 0 rgba(255, 255, 255, 0.3) inset;">
<br>Proudly powered by  <a style="color:#fff;" href="http://www.litespeedtech.com/error-page">LiteSpeed Web Server</a><p>Please be advised that LiteSpeed Technologies Inc. is not a web hosting company and, as such, has no control over content found on this site.</p></div></body></html>


07:07:41.964 [pool-1-thread-3] ERROR com.intuit.karate - classpath:examples/weather/weather.feature:6
Then status 200
status code was: 404, expected: 200, response time in milliseconds: 532, url: http://www.webservicex.com/globalweather.asmx?wsdl, response: 
<!DOCTYPE html>
<html style="height:100%">
<head>
<meta name="viewport" content="width=device-width, initial-scale=1, shrink-to-fit=no">
<title> 404 Not Found
</title></head>
<body style="color: #444; margin:0;font: normal 14px/20px Arial, Helvetica, sans-serif; height:100%; background-color: #fff;">
<div style="height:auto; min-height:100%; ">     <div style="text-align: center; width:800px; margin-left: -400px; position:absolute; top: 30%; left:50%;">
        <h1 style="margin:0; font-size:150px; line-height:150px; font-weight:bold;">404</h1>
<h2 style="margin-top:20px;font-size: 30px;">Not Found
</h2>
<p>The resource requested could not be found on this server!</p>
</div></div><div style="color:#f0f0f0; font-size:12px;margin:auto;padding:0px 30px 0px 30px;position:relative;clear:both;height:100px;margin-top:-101px;background-color:#474747;border-top: 1px solid rgba(0,0,0,0.15);box-shadow: 0 1px 0 rgba(255, 255, 255, 0.3) inset;">
<br>Proudly powered by  <a style="color:#fff;" href="http://www.litespeedtech.com/error-page">LiteSpeed Web Server</a><p>Please be advised that LiteSpeed Technologies Inc. is not a web hosting company and, as such, has no control over content found on this site.</p></div></body></html>

classpath:examples/weather/weather.feature:6
07:07:42.602 [pool-1-thread-1] DEBUG com.intuit.karate - response time in milliseconds: 1212
1 < 200
1 < Date: Wed, 06 Jul 2022 01:37:42 GMT
1 < Content-Type: application/json; charset=utf-8
1 < Transfer-Encoding: chunked
1 < Connection: keep-alive
1 < X-Powered-By: Express
1 < X-Ratelimit-Limit: 1000
1 < X-Ratelimit-Remaining: 999
1 < X-Ratelimit-Reset: 1646104598
1 < Vary: Origin, Accept-Encoding
1 < Access-Control-Allow-Credentials: true
1 < Cache-Control: max-age=43200
1 < Pragma: no-cache
1 < Expires: -1
1 < X-Content-Type-Options: nosniff
1 < Etag: W/"160d-1eMSsxeJRfnVLRBmYJSbCiJZ1qQ"
1 < Via: 1.1 vegur
1 < CF-Cache-Status: HIT
1 < Age: 14439
1 < Expect-CT: max-age=604800, report-uri="https://report-uri.cloudflare.com/cdn-cgi/beacon/expect-ct"
1 < Report-To: {"endpoints":[{"url":"https:\/\/a.nel.cloudflare.com\/report\/v3?s=dOndit8MhSzav5YwE7mM3PY5HwlUy8wL6o51FZW6rAR1dPmAma7Bbfe9Ef5b0diiMeZ29AJDYO2I6TjR%2Bq6x75s3mVAyzZMbFgHAOs68oH2WxiBZuI8wPY14OEg7dvrL7h%2BSL53siDr6%2Fq5r6kZc"}],"group":"cf-nel","max_age":604800}
1 < NEL: {"success_fraction":0,"report_to":"cf-nel","max_age":604800}
1 < Server: cloudflare
1 < CF-RAY: 72649ddf597b9ad2-MIA
1 < alt-svc: h3=":443"; ma=86400, h3-29=":443"; ma=86400
[
  {
    "id": 1,
    "name": "Leanne Graham",
    "username": "Bret",
    "email": "Sincere@april.biz",
    "address": {
      "street": "Kulas Light",
      "suite": "Apt. 556",
      "city": "Gwenborough",
      "zipcode": "92998-3874",
      "geo": {
        "lat": "-37.3159",
        "lng": "81.1496"
      }
    },
    "phone": "1-770-736-8031 x56442",
    "website": "hildegard.org",
    "company": {
      "name": "Romaguera-Crona",
      "catchPhrase": "Multi-layered client-server neural-net",
      "bs": "harness real-time e-markets"
    }
  },
  {
    "id": 2,
    "name": "Ervin Howell",
    "username": "Antonette",
    "email": "Shanna@melissa.tv",
    "address": {
      "street": "Victor Plains",
      "suite": "Suite 879",
      "city": "Wisokyburgh",
      "zipcode": "90566-7771",
      "geo": {
        "lat": "-43.9509",
        "lng": "-34.4618"
      }
    },
    "phone": "010-692-6593 x09125",
    "website": "anastasia.net",
    "company": {
      "name": "Deckow-Crist",
      "catchPhrase": "Proactive didactic contingency",
      "bs": "synergize scalable supply-chains"
    }
  },
  {
    "id": 3,
    "name": "Clementine Bauch",
    "username": "Samantha",
    "email": "Nathan@yesenia.net",
    "address": {
      "street": "Douglas Extension",
      "suite": "Suite 847",
      "city": "McKenziehaven",
      "zipcode": "59590-4157",
      "geo": {
        "lat": "-68.6102",
        "lng": "-47.0653"
      }
    },
    "phone": "1-463-123-4447",
    "website": "ramiro.info",
    "company": {
      "name": "Romaguera-Jacobson",
      "catchPhrase": "Face to face bifurcated interface",
      "bs": "e-enable strategic applications"
    }
  },
  {
    "id": 4,
    "name": "Patricia Lebsack",
    "username": "Karianne",
    "email": "Julianne.OConner@kory.org",
    "address": {
      "street": "Hoeger Mall",
      "suite": "Apt. 692",
      "city": "South Elvis",
      "zipcode": "53919-4257",
      "geo": {
        "lat": "29.4572",
        "lng": "-164.2990"
      }
    },
    "phone": "493-170-9623 x156",
    "website": "kale.biz",
    "company": {
      "name": "Robel-Corkery",
      "catchPhrase": "Multi-tiered zero tolerance productivity",
      "bs": "transition cutting-edge web services"
    }
  },
  {
    "id": 5,
    "name": "Chelsey Dietrich",
    "username": "Kamren",
    "email": "Lucio_Hettinger@annie.ca",
    "address": {
      "street": "Skiles Walks",
      "suite": "Suite 351",
      "city": "Roscoeview",
      "zipcode": "33263",
      "geo": {
        "lat": "-31.8129",
        "lng": "62.5342"
      }
    },
    "phone": "(254)954-1289",
    "website": "demarco.info",
    "company": {
      "name": "Keebler LLC",
      "catchPhrase": "User-centric fault-tolerant solution",
      "bs": "revolutionize end-to-end systems"
    }
  },
  {
    "id": 6,
    "name": "Mrs. Dennis Schulist",
    "username": "Leopoldo_Corkery",
    "email": "Karley_Dach@jasper.info",
    "address": {
      "street": "Norberto Crossing",
      "suite": "Apt. 950",
      "city": "South Christy",
      "zipcode": "23505-1337",
      "geo": {
        "lat": "-71.4197",
        "lng": "71.7478"
      }
    },
    "phone": "1-477-935-8478 x6430",
    "website": "ola.org",
    "company": {
      "name": "Considine-Lockman",
      "catchPhrase": "Synchronised bottom-line interface",
      "bs": "e-enable innovative applications"
    }
  },
  {
    "id": 7,
    "name": "Kurtis Weissnat",
    "username": "Elwyn.Skiles",
    "email": "Telly.Hoeger@billy.biz",
    "address": {
      "street": "Rex Trail",
      "suite": "Suite 280",
      "city": "Howemouth",
      "zipcode": "58804-1099",
      "geo": {
        "lat": "24.8918",
        "lng": "21.8984"
      }
    },
    "phone": "210.067.6132",
    "website": "elvis.io",
    "company": {
      "name": "Johns Group",
      "catchPhrase": "Configurable multimedia task-force",
      "bs": "generate enterprise e-tailers"
    }
  },
  {
    "id": 8,
    "name": "Nicholas Runolfsdottir V",
    "username": "Maxime_Nienow",
    "email": "Sherwood@rosamond.me",
    "address": {
      "street": "Ellsworth Summit",
      "suite": "Suite 729",
      "city": "Aliyaview",
      "zipcode": "45169",
      "geo": {
        "lat": "-14.3990",
        "lng": "-120.7677"
      }
    },
    "phone": "586.493.6943 x140",
    "website": "jacynthe.com",
    "company": {
      "name": "Abernathy Group",
      "catchPhrase": "Implemented secondary concept",
      "bs": "e-enable extensible e-tailers"
    }
  },
  {
    "id": 9,
    "name": "Glenna Reichert",
    "username": "Delphine",
    "email": "Chaim_McDermott@dana.io",
    "address": {
      "street": "Dayna Park",
      "suite": "Suite 449",
      "city": "Bartholomebury",
      "zipcode": "76495-3109",
      "geo": {
        "lat": "24.6463",
        "lng": "-168.8889"
      }
    },
    "phone": "(775)976-6794 x41206",
    "website": "conrad.com",
    "company": {
      "name": "Yost and Sons",
      "catchPhrase": "Switchable contextually-based project",
      "bs": "aggregate real-time technologies"
    }
  },
  {
    "id": 10,
    "name": "Clementina DuBuque",
    "username": "Moriah.Stanton",
    "email": "Rey.Padberg@karina.biz",
    "address": {
      "street": "Kattie Turnpike",
      "suite": "Suite 198",
      "city": "Lebsackbury",
      "zipcode": "31428-2261",
      "geo": {
        "lat": "-38.2386",
        "lng": "57.2232"
      }
    },
    "phone": "024-648-3804",
    "website": "ambrose.net",
    "company": {
      "name": "Hoeger LLC",
      "catchPhrase": "Centralized empowering task-force",
      "bs": "target end-to-end models"
    }
  }
]

07:07:42.664 [pool-1-thread-1] DEBUG com.intuit.karate - request:
2 > GET https://jsonplaceholder.typicode.com/users/1
2 > Host: jsonplaceholder.typicode.com
2 > Connection: Keep-Alive
2 > User-Agent: Apache-HttpClient/4.5.13 (Java/1.8.0_231)
2 > Accept-Encoding: gzip,deflate


07:07:42.671 [pool-1-thread-2] DEBUG com.intuit.karate - response time in milliseconds: 1282
1 < 201
1 < Date: Wed, 06 Jul 2022 01:37:42 GMT
1 < Content-Type: application/json; charset=utf-8
1 < Content-Length: 216
1 < Connection: keep-alive
1 < X-Powered-By: Express
1 < X-Ratelimit-Limit: 1000
1 < X-Ratelimit-Remaining: 999
1 < X-Ratelimit-Reset: 1657071517
1 < Vary: Origin, X-HTTP-Method-Override, Accept-Encoding
1 < Access-Control-Allow-Credentials: true
1 < Cache-Control: no-cache
1 < Pragma: no-cache
1 < Expires: -1
1 < Access-Control-Expose-Headers: Location
1 < Location: http://jsonplaceholder.typicode.com/users/11
1 < X-Content-Type-Options: nosniff
1 < Etag: W/"d8-pYV7+YuMGP2hxHPU9ARrf97ifDA"
1 < Via: 1.1 vegur
1 < CF-Cache-Status: DYNAMIC
1 < Expect-CT: max-age=604800, report-uri="https://report-uri.cloudflare.com/cdn-cgi/beacon/expect-ct"
1 < Report-To: {"endpoints":[{"url":"https:\/\/a.nel.cloudflare.com\/report\/v3?s=V1Ilrb04uY5MWYhSS%2FvJ1Cfah345AyHeAj%2BMJ6BdrXQ8wBaYBjvAvjtL9fDTsRqPib%2FmDqzDOtwo6dxDzrGAdU33JTJi%2FizsbrynlA9u2BSTT99uChYVmxv2Zzc%2BNnAPwxe7hQQm8gfnw%2FZCXri1"}],"group":"cf-nel","max_age":604800}
1 < NEL: {"success_fraction":0,"report_to":"cf-nel","max_age":604800}
1 < Server: cloudflare
1 < CF-RAY: 72649ddf4e638db5-MIA
1 < alt-svc: h3=":443"; ma=86400, h3-29=":443"; ma=86400
{
  "name": "Test User",
  "username": "testuser",
  "email": "test@user.com",
  "address": {
    "street": "Has No Name",
    "suite": "Apt. 123",
    "city": "Electri",
    "zipcode": "54321-6789"
  },
  "id": 11
}

07:07:42.680 [pool-1-thread-2] INFO  com.intuit.karate - [print] created id is:  11 
07:07:42.938 [pool-1-thread-1] DEBUG com.intuit.karate - response time in milliseconds: 273
2 < 200
2 < Date: Wed, 06 Jul 2022 01:37:42 GMT
2 < Content-Type: application/json; charset=utf-8
2 < Transfer-Encoding: chunked
2 < Connection: keep-alive
2 < X-Powered-By: Express
2 < X-Ratelimit-Limit: 1000
2 < X-Ratelimit-Remaining: 999
2 < X-Ratelimit-Reset: 1655665371
2 < Vary: Origin, Accept-Encoding
2 < Access-Control-Allow-Credentials: true
2 < Cache-Control: max-age=43200
2 < Pragma: no-cache
2 < Expires: -1
2 < X-Content-Type-Options: nosniff
2 < Etag: W/"1fd-+2Y3G3w049iSZtw5t1mzSnunngE"
2 < Via: 1.1 vegur
2 < CF-Cache-Status: HIT
2 < Age: 13260
2 < Expect-CT: max-age=604800, report-uri="https://report-uri.cloudflare.com/cdn-cgi/beacon/expect-ct"
2 < Report-To: {"endpoints":[{"url":"https:\/\/a.nel.cloudflare.com\/report\/v3?s=GTho1vLWXo9sT4FbjQNV8w6svQqkB16OyqGeWyPMLQ5CExZdRCAurGUL89%2FvDxz09nZZJq%2FXFl3t%2BRKPKNkLfvTyT4jNTvPudXbdQAIKy5ILDLcCfqobt%2BG9rdwm%2FdhcR4ebxXjlPYXz%2Bx7bExUf"}],"group":"cf-nel","max_age":604800}
2 < NEL: {"success_fraction":0,"report_to":"cf-nel","max_age":604800}
2 < Server: cloudflare
2 < CF-RAY: 72649de198e6222d-MIA
2 < alt-svc: h3=":443"; ma=86400, h3-29=":443"; ma=86400
{
  "id": 1,
  "name": "Leanne Graham",
  "username": "Bret",
  "email": "Sincere@april.biz",
  "address": {
    "street": "Kulas Light",
    "suite": "Apt. 556",
    "city": "Gwenborough",
    "zipcode": "92998-3874",
    "geo": {
      "lat": "-37.3159",
      "lng": "81.1496"
    }
  },
  "phone": "1-770-736-8031 x56442",
  "website": "hildegard.org",
  "company": {
    "name": "Romaguera-Crona",
    "catchPhrase": "Multi-layered client-server neural-net",
    "bs": "harness real-time e-markets"
  }
}

07:07:46.700 [pool-2-thread-1] INFO  com.intuit.karate.Suite - <<pass>> feature 1 of 2 (1 remaining) classpath:examples/users/users.feature
07:07:47.322 [pool-2-thread-1] INFO  com.intuit.karate.Suite - <<fail>> feature 2 of 2 (0 remaining) classpath:examples/weather/weather.feature
